#
# A fatal error has been detected by the Java Runtime Environment:
#
#  EXCEPTION_ACCESS_VIOLATION (0xc0000005) at pc=0x0000000065584419, pid=12936, tid=6268
#
# JRE version: Java(TM) SE Runtime Environment (7.0_51-b13) (build 1.7.0_51-b13)
# Java VM: Java HotSpot(TM) 64-Bit Server VM (24.51-b03 mixed mode windows-amd64 compressed oops)
# Problematic frame:
# V  [jvm.dll+0x54419]
#
# Failed to write core dump. Minidumps are not enabled by default on client versions of Windows
#
# If you would like to submit a bug report, please visit:
#   http://bugreport.sun.com/bugreport/crash.jsp
#

---------------  T H R E A D  ---------------

Current thread (0x00000000086f7000):  JavaThread "JDWP Transport Listener: dt_socket" daemon [_thread_in_vm, id=6268, stack(0x0000000009c50000,0x0000000009d50000)]

siginfo: ExceptionCode=0xc0000005, reading address 0x000000000000000c

Registers:
RAX=0x000000000000000c, RBX=0x00000000086f7000, RCX=0x0000000000000000, RDX=0x0000000000000000
RSP=0x0000000009d4f5d0, RBP=0x000000000000000c, RSI=0x0000000000000000, RDI=0x0000000000000010
R8 =0x00000000ebd2b9c8, R9 =0x0000000000000000, R10=0x0000000000000000, R11=0x0000000000000001
R12=0x0000000000000000, R13=0x00000000086e3c08, R14=0x0000000000000000, R15=0x0000000000000000
RIP=0x0000000065584419, EFLAGS=0x0000000000010246

Top of Stack: (sp=0x0000000009d4f5d0)
0x0000000009d4f5d0:   00000000086f7000 0000000000000000
0x0000000009d4f5e0:   0000000000000000 00000000086f7000
0x0000000009d4f5f0:   0000000000000000 000000006564b2b7
0x0000000009d4f600:   00000000ebd2b9c8 0000000009d4f720
0x0000000009d4f610:   00000000086a45b8 0000000009d4f6f0
0x0000000009d4f620:   00000000086f7000 0000000000000000
0x0000000009d4f630:   00000000086a45b8 0000000009d4f720
0x0000000009d4f640:   0000000000000000 00000000086e3c08
0x0000000009d4f650:   0000000000000000 00000000654f7d15
0x0000000009d4f660:   0000000009d4f6f0 0000000009d4f720
0x0000000009d4f670:   00000000086a45b8 00000000086f71e8
0x0000000009d4f680:   000000000a5bed0a 00000000654ff08c
0x0000000009d4f690:   0000000008010a01 0000000009d4f790
0x0000000009d4f6a0:   00000000086e3801 0000000000000000
0x0000000009d4f6b0:   0000444a00000013 0000000008010a00
0x0000000009d4f6c0:   0000000008712ab0 00000000656bbcca 

Instructions: (pc=0x0000000065584419)
0x00000000655843f9:   d2 48 8b c5 eb 18 48 8b d0 48 8b c5 48 d3 e2 48
0x0000000065584409:   03 15 a1 74 69 00 eb 06 48 8b 12 48 8b c7 48 98
0x0000000065584419:   8b 14 10 85 d2 74 2a 45 84 db 4c 63 c6 48 0f 45
0x0000000065584429:   fd 8d 47 0b 48 63 c8 48 83 e1 f8 48 c1 e9 03 8d 


Register to memory mapping:

RAX=0x000000000000000c is an unknown value
RBX=0x00000000086f7000 is a thread
RCX=0x0000000000000000 is an unknown value
RDX=0x0000000000000000 is an unknown value
RSP=0x0000000009d4f5d0 is pointing into the stack for thread: 0x00000000086f7000
RBP=0x000000000000000c is an unknown value
RSI=0x0000000000000000 is an unknown value
RDI=0x0000000000000010 is an unknown value
R8 =0x00000000ebd2b9c8 is an oop
java.lang.String 
 - klass: 'java/lang/String'
R9 =0x0000000000000000 is an unknown value
R10=0x0000000000000000 is an unknown value
R11=0x0000000000000001 is an unknown value
R12=0x0000000000000000 is an unknown value
R13=0x00000000086e3c08 is an unknown value
R14=0x0000000000000000 is an unknown value
R15=0x0000000000000000 is an unknown value


Stack: [0x0000000009c50000,0x0000000009d50000],  sp=0x0000000009d4f5d0,  free space=1021k
Native frames: (J=compiled Java code, j=interpreted, Vv=VM code, C=native code)
V  [jvm.dll+0x54419]


---------------  P R O C E S S  ---------------

Java Threads: ( => current thread )
  0x000000000a565800 JavaThread "Thread-0" [_thread_blocked, id=8752, stack(0x000000000a750000,0x000000000a850000)]
  0x0000000008712000 JavaThread "Service Thread" daemon [_thread_blocked, id=468, stack(0x000000000a150000,0x000000000a250000)]
  0x000000000870e000 JavaThread "C2 CompilerThread1" daemon [_thread_blocked, id=8644, stack(0x000000000a050000,0x000000000a150000)]
  0x000000000871a800 JavaThread "C2 CompilerThread0" daemon [_thread_blocked, id=11244, stack(0x0000000009f50000,0x000000000a050000)]
  0x00000000086fc800 JavaThread "JDWP Command Reader" daemon [_thread_in_native, id=15472, stack(0x0000000009e50000,0x0000000009f50000)]
  0x00000000086fa000 JavaThread "JDWP Event Helper Thread" daemon [_thread_blocked, id=6312, stack(0x0000000009d50000,0x0000000009e50000)]
=>0x00000000086f7000 JavaThread "JDWP Transport Listener: dt_socket" daemon [_thread_in_vm, id=6268, stack(0x0000000009c50000,0x0000000009d50000)]
  0x00000000086e6000 JavaThread "Attach Listener" daemon [_thread_blocked, id=4328, stack(0x0000000009b50000,0x0000000009c50000)]
  0x00000000086e3000 JavaThread "Signal Dispatcher" daemon [_thread_blocked, id=11952, stack(0x0000000009a50000,0x0000000009b50000)]
  0x00000000086b0000 JavaThread "Finalizer" daemon [_thread_blocked, id=10404, stack(0x0000000009950000,0x0000000009a50000)]
  0x00000000086a5000 JavaThread "Reference Handler" daemon [_thread_blocked, id=7080, stack(0x0000000009850000,0x0000000009950000)]
  0x0000000002832800 JavaThread "main" [_thread_blocked, id=2924, stack(0x0000000002700000,0x0000000002800000)]

Other Threads:
  0x00000000086a3800 VMThread [stack: 0x0000000009750000,0x0000000009850000] [id=8744]
  0x0000000008713000 WatcherThread [stack: 0x000000000a250000,0x000000000a350000] [id=14936]

VM state:not at safepoint (normal execution)

VM Mutex/Monitor currently owned by a thread: None

Heap
 PSYoungGen      total 18432K, used 4276K [0x00000000eb900000, 0x00000000ecd80000, 0x0000000100000000)
  eden space 15872K, 26% used [0x00000000eb900000,0x00000000ebd2d108,0x00000000ec880000)
  from space 2560K, 0% used [0x00000000ecb00000,0x00000000ecb00000,0x00000000ecd80000)
  to   space 2560K, 0% used [0x00000000ec880000,0x00000000ec880000,0x00000000ecb00000)
 ParOldGen       total 41472K, used 0K [0x00000000c2c00000, 0x00000000c5480000, 0x00000000eb900000)
  object space 41472K, 0% used [0x00000000c2c00000,0x00000000c2c00000,0x00000000c5480000)
 PSPermGen       total 21504K, used 4666K [0x00000000bda00000, 0x00000000bef00000, 0x00000000c2c00000)
  object space 21504K, 21% used [0x00000000bda00000,0x00000000bde8ea80,0x00000000bef00000)

Card table byte_map: [0x0000000005aa0000,0x0000000005cc0000] byte_map_base: 0x00000000054b3000

Polling page: 0x0000000000a90000

Code Cache  [0x00000000029e0000, 0x0000000002c50000, 0x00000000059e0000)
 total_blobs=210 nmethods=16 adapters=155 free_code_cache=48732Kb largest_free_block=49882368

Compilation events (10 events):
Event: 0.263 Thread 0x000000000870e000   12             java.lang.AbstractStringBuilder::append (29 bytes)
Event: 0.267 Thread 0x000000000870e000 nmethod 12 0x0000000002a43650 code [0x0000000002a437a0, 0x0000000002a43a98]
Event: 0.271 Thread 0x000000000871a800   13             sun.net.www.ParseUtil::encodePath (336 bytes)
Event: 0.273 Thread 0x000000000870e000   14             java.lang.Object::<init> (1 bytes)
Event: 0.274 Thread 0x000000000870e000 nmethod 14 0x0000000002a45fd0 code [0x0000000002a46100, 0x0000000002a46178]
Event: 0.306 Thread 0x000000000871a800 nmethod 13 0x0000000002a4b990 code [0x0000000002a4bbe0, 0x0000000002a4cf58]
Event: 0.308 Thread 0x000000000870e000   15             java.io.Win32FileSystem::normalize (143 bytes)
Event: 0.314 Thread 0x000000000870e000 nmethod 15 0x0000000002a49610 code [0x0000000002a49780, 0x0000000002a49bb0]
Event: 0.317 Thread 0x000000000871a800   16             java.lang.String::length (6 bytes)
Event: 0.318 Thread 0x000000000871a800 nmethod 16 0x0000000002a4a210 code [0x0000000002a4a340, 0x0000000002a4a3d8]

GC Heap History (0 events):
No events

Deoptimization events (0 events):
No events

Internal exceptions (10 events):
Event: 0.295 Thread 0x0000000002832800 Threw 0x00000000ebccbfc8 at C:\re\jdk7u51\527\hotspot\src\share\vm\prims\jvm.cpp:1244
Event: 0.297 Thread 0x0000000002832800 Threw 0x00000000ebcd8538 at C:\re\jdk7u51\527\hotspot\src\share\vm\prims\jvm.cpp:1244
Event: 0.298 Thread 0x0000000002832800 Threw 0x00000000ebcdc6d0 at C:\re\jdk7u51\527\hotspot\src\share\vm\prims\jvm.cpp:1244
Event: 0.318 Thread 0x0000000002832800 Threw 0x00000000ebd124a0 at C:\re\jdk7u51\527\hotspot\src\share\vm\prims\jvm.cpp:1244
Event: 0.319 Thread 0x0000000002832800 Threw 0x00000000ebd16610 at C:\re\jdk7u51\527\hotspot\src\share\vm\prims\jvm.cpp:1244
Event: 0.320 Thread 0x0000000002832800 Threw 0x00000000ebd1e6d8 at C:\re\jdk7u51\527\hotspot\src\share\vm\prims\jvm.cpp:1244
Event: 0.320 Thread 0x0000000002832800 Threw 0x00000000ebd22f30 at C:\re\jdk7u51\527\hotspot\src\share\vm\prims\jvm.cpp:1244
Event: 0.320 Thread 0x0000000002832800 Threw 0x00000000ebd255e0 at C:\re\jdk7u51\527\hotspot\src\share\vm\prims\jvm.cpp:1244
Event: 0.321 Thread 0x0000000002832800 Threw 0x00000000ebd27cd0 at C:\re\jdk7u51\527\hotspot\src\share\vm\prims\jvm.cpp:1244
Event: 0.324 Thread 0x0000000002832800 Threw 0x00000000ebd2a580 at C:\re\jdk7u51\527\hotspot\src\share\vm\prims\jvm.cpp:1244

Events (10 events):
Event: 10.332 Executing VM operation: GetOrSetLocal
Event: 10.333 Executing VM operation: GetOrSetLocal done
Event: 10.337 Executing VM operation: GetOrSetLocal
Event: 10.337 Executing VM operation: GetOrSetLocal done
Event: 10.360 Executing VM operation: GetOrSetLocal
Event: 10.361 Executing VM operation: GetOrSetLocal done
Event: 10.363 Executing VM operation: GetOrSetLocal
Event: 10.363 Executing VM operation: GetOrSetLocal done
Event: 10.375 Executing VM operation: GetOrSetLocal
Event: 10.375 Executing VM operation: GetOrSetLocal done


Dynamic libraries:
0x00007ff666170000 - 0x00007ff6661a3000 	C:\Program Files\Java\jdk1.7.0_51\bin\java.exe
0x00007ffbc9610000 - 0x00007ffbc97b9000 	C:\WINDOWS\SYSTEM32\ntdll.dll
0x00007ffbc92d0000 - 0x00007ffbc9409000 	C:\WINDOWS\system32\KERNEL32.DLL
0x00007ffbc6d40000 - 0x00007ffbc6e4f000 	C:\WINDOWS\system32\KERNELBASE.dll
0x00007ffbc54d0000 - 0x00007ffbc555b000 	C:\WINDOWS\system32\apphelp.dll
0x00007ffbb4870000 - 0x00007ffbb48bf000 	C:\WINDOWS\AppPatch\AppPatch64\AcGenral.DLL
0x00007ffbc88e0000 - 0x00007ffbc8987000 	C:\WINDOWS\system32\msvcrt.dll
0x00007ffbc6730000 - 0x00007ffbc675b000 	C:\WINDOWS\SYSTEM32\SspiCli.dll
0x00007ffbc8cd0000 - 0x00007ffbc8d21000 	C:\WINDOWS\system32\SHLWAPI.dll
0x00007ffbc8990000 - 0x00007ffbc8b01000 	C:\WINDOWS\system32\USER32.dll
0x00007ffbc8f50000 - 0x00007ffbc90c6000 	C:\WINDOWS\system32\ole32.dll
0x00007ffbc74d0000 - 0x00007ffbc88e0000 	C:\WINDOWS\system32\SHELL32.dll
0x00007ffbc5f60000 - 0x00007ffbc5f7f000 	C:\WINDOWS\SYSTEM32\USERENV.dll
0x00007ffbc9410000 - 0x00007ffbc94b5000 	C:\WINDOWS\system32\ADVAPI32.dll
0x00007ffbb0d90000 - 0x00007ffbb0dab000 	C:\WINDOWS\SYSTEM32\MPR.dll
0x00007ffbc71f0000 - 0x00007ffbc7326000 	C:\WINDOWS\system32\RPCRT4.dll
0x00007ffbc7190000 - 0x00007ffbc71e7000 	C:\WINDOWS\SYSTEM32\sechost.dll
0x00007ffbc90d0000 - 0x00007ffbc92a7000 	C:\WINDOWS\SYSTEM32\combase.dll
0x00007ffbc94c0000 - 0x00007ffbc9605000 	C:\WINDOWS\system32\GDI32.dll
0x00007ffbc6990000 - 0x00007ffbc69a4000 	C:\WINDOWS\SYSTEM32\profapi.dll
0x00007ffbc5160000 - 0x00007ffbc5201000 	C:\WINDOWS\SYSTEM32\SHCORE.dll
0x00007ffbc8df0000 - 0x00007ffbc8e24000 	C:\WINDOWS\system32\IMM32.DLL
0x00007ffbc8b90000 - 0x00007ffbc8cc8000 	C:\WINDOWS\system32\MSCTF.dll
0x00007ffbc6940000 - 0x00007ffbc6971000 	C:\Windows\system32\nvinitx.dll
0x000000000f000000 - 0x000000000f006000 	C:\Program Files\NVIDIA Corporation\CoProcManager\_etoured.dll
0x00007ffbc4910000 - 0x00007ffbc493d000 	C:\Program Files\NVIDIA Corporation\CoProcManager\nvd3d9wrapx.dll
0x00007ffbc6f50000 - 0x00007ffbc7126000 	C:\WINDOWS\system32\SETUPAPI.dll
0x00007ffbc6b10000 - 0x00007ffbc6b5a000 	C:\WINDOWS\system32\CFGMGR32.dll
0x00007ffbc48e0000 - 0x00007ffbc4902000 	C:\Program Files\NVIDIA Corporation\CoProcManager\nvdxgiwrapx.dll
0x00007ffbc4440000 - 0x00007ffbc469a000 	C:\WINDOWS\WinSxS\amd64_microsoft.windows.common-controls_6595b64144ccf1df_6.0.9600.16384_none_62475f7becb72503\COMCTL32.dll
0x0000000065d00000 - 0x0000000065dd2000 	C:\Program Files\Java\jdk1.7.0_51\jre\bin\msvcr100.dll
0x0000000065530000 - 0x0000000065cf9000 	C:\Program Files\Java\jdk1.7.0_51\jre\bin\server\jvm.dll
0x00007ffbb9380000 - 0x00007ffbb9389000 	C:\WINDOWS\SYSTEM32\WSOCK32.dll
0x00007ffbc4710000 - 0x00007ffbc472f000 	C:\WINDOWS\SYSTEM32\WINMM.dll
0x00007ffbc8b10000 - 0x00007ffbc8b17000 	C:\WINDOWS\system32\PSAPI.DLL
0x00007ffbc7130000 - 0x00007ffbc7188000 	C:\WINDOWS\system32\WS2_32.dll
0x00007ffbc43d0000 - 0x00007ffbc43fa000 	C:\WINDOWS\SYSTEM32\WINMMBASE.dll
0x00007ffbc8de0000 - 0x00007ffbc8de9000 	C:\WINDOWS\system32\NSI.dll
0x00007ffbc5750000 - 0x00007ffbc5776000 	C:\WINDOWS\SYSTEM32\DEVOBJ.dll
0x0000000066560000 - 0x000000006656f000 	C:\Program Files\Java\jdk1.7.0_51\jre\bin\verify.dll
0x0000000066530000 - 0x0000000066558000 	C:\Program Files\Java\jdk1.7.0_51\jre\bin\java.dll
0x00000000654f0000 - 0x0000000065525000 	C:\Program Files\Java\jdk1.7.0_51\jre\bin\jdwp.dll
0x00000000664b0000 - 0x00000000664b8000 	C:\Program Files\Java\jdk1.7.0_51\jre\bin\npt.dll
0x0000000066510000 - 0x0000000066525000 	C:\Program Files\Java\jdk1.7.0_51\jre\bin\zip.dll
0x00000000654e0000 - 0x00000000654e9000 	C:\Program Files\Java\jdk1.7.0_51\jre\bin\dt_socket.dll
0x00007ffbc61b0000 - 0x00007ffbc6208000 	C:\WINDOWS\system32\mswsock.dll
0x0000000065340000 - 0x00000000654d5000 	C:\Program Files\Java\jdk1.7.0_51\jre\bin\awt.dll
0x00007ffbc8e90000 - 0x00007ffbc8f47000 	C:\WINDOWS\system32\OLEAUT32.dll
0x00007ffbb0dd0000 - 0x00007ffbb0f58000 	C:\WINDOWS\SYSTEM32\dbghelp.dll

VM Arguments:
jvm_args: -agentlib:jdwp=transport=dt_socket,address=127.0.0.1:52073,suspend=y,server=n -Dvisualvm.id=82697270475628 -Dswing.defaultlaf=com.sun.java.swing.plaf.windows.WindowsLookAndFeel -Dfile.encoding=UTF-8 
java_command: com.dismu.ui.pc.Dismu
Launcher Type: SUN_STANDARD

Environment Variables:
JAVA_HOME=C:\Program Files\Java\jdk1.7.0_51
PATH=C:\Program Files (x86)\NVIDIA Corporation\PhysX\Common;C:\Python33\;C:\Program Files (x86)\Intel\iCLS Client\;C:\Program Files\Intel\iCLS Client\;C:\WINDOWS\system32;C:\WINDOWS;C:\WINDOWS\System32\Wbem;C:\WINDOWS\System32\WindowsPowerShell\v1.0\;C:\Program Files (x86)\Windows Live\Shared;C:\Program Files\Intel\Intel(R) Management Engine Components\DAL;C:\Program Files\Intel\Intel(R) Management Engine Components\IPT;C:\Program Files (x86)\Intel\Intel(R) Management Engine Components\DAL;C:\Program Files (x86)\Intel\Intel(R) Management Engine Components\IPT;C:\Program Files\Intel\WiFi\bin\;C:\Program Files\Common Files\Intel\WirelessCommon\;C:\Program Files\Condusiv Technologies\ExpressCache\;C:\Program Files (x86)\Heroku\bin;C:\Program Files (x86)\git\cmd;C:\Program Files\nodejs\;C:\Users\Carzil\AppData\Roaming\npm
USERNAME=Carzil
OS=Windows_NT
PROCESSOR_IDENTIFIER=Intel64 Family 6 Model 69 Stepping 1, GenuineIntel



---------------  S Y S T E M  ---------------

OS: Windows 8 , 64 bit Build 9200 

CPU:total 4 (2 cores per cpu, 2 threads per core) family 6 model 69 stepping 1, cmov, cx8, fxsr, mmx, sse, sse2, sse3, ssse3, sse4.1, sse4.2, popcnt, avx, avx2, aes, erms, ht, tsc, tscinvbit

Memory: 4k page, physical 4008988k(472760k free), swap 8072220k(3562016k free)

vm_info: Java HotSpot(TM) 64-Bit Server VM (24.51-b03) for windows-amd64 JRE (1.7.0_51-b13), built on Dec 18 2013 18:40:56 by "java_re" with unknown MS VC++:1600

time: Wed Apr 02 09:12:55 2014
elapsed time: 10 seconds

